<?xml version="1.0" encoding="UTF-8"?>
<!-- Generated by org.testng.reporters.JUnitReportReporter -->
<testsuite hostname="DESKTOP-QIUUB8D" failures="0" tests="2" name="com.saucedemo.tests.CheckoutPageTest" time="5.264" errors="0" timestamp="2024-07-31T21:59:09 IST" skipped="0">
  <testcase classname="com.saucedemo.tests.CheckoutPageTest" name="cancelVerification" time="0.627"/>
  <testcase classname="com.saucedemo.tests.CheckoutPageTest" name="processVerification" time="4.637"/>
</testsuite> <!-- com.saucedemo.tests.CheckoutPageTest -->
