<?xml version="1.0" encoding="UTF-8"?>
<!-- Generated by org.testng.reporters.JUnitReportReporter -->
<testsuite hostname="DESKTOP-QIUUB8D" failures="0" tests="3" name="com.saucedemo.tests.LoginPageTest" time="0.907" errors="0" timestamp="2024-07-30T13:06:34 IST" skipped="0">
  <testcase classname="com.saucedemo.tests.LoginPageTest" name="verifyURL" time="0.076"/>
  <testcase classname="com.saucedemo.tests.LoginPageTest" name="verifyTitle" time="0.011"/>
  <testcase classname="com.saucedemo.tests.LoginPageTest" name="verifyLogin" time="0.820"/>
</testsuite> <!-- com.saucedemo.tests.LoginPageTest -->
