<?xml version="1.0" encoding="UTF-8"?>
<!-- Generated by org.testng.reporters.JUnitReportReporter -->
<testsuite hostname="DESKTOP-QIUUB8D" failures="0" tests="3" name="com.saucedemo.tests.InventoryPageTest" time="0.669" errors="0" timestamp="2024-07-30T14:35:07 IST" skipped="0">
  <testcase classname="com.saucedemo.tests.InventoryPageTest" name="verifyProductCount" time="0.086"/>
  <testcase classname="com.saucedemo.tests.InventoryPageTest" name="printProductDetails" time="0.099"/>
  <testcase classname="com.saucedemo.tests.InventoryPageTest" name="verifyCart" time="0.484"/>
</testsuite> <!-- com.saucedemo.tests.InventoryPageTest -->
