<?xml version="1.0" encoding="UTF-8"?>
<!-- Generated by org.testng.reporters.JUnitReportReporter -->
<testsuite hostname="DESKTOP-QIUUB8D" failures="0" tests="2" name="com.saucedemo.tests.OverviewPageTest" time="2.249" errors="0" timestamp="2024-08-10T18:58:10 IST" skipped="0">
  <testcase classname="com.saucedemo.tests.OverviewPageTest" name="cancelVerification" time="0.331"/>
  <testcase classname="com.saucedemo.tests.OverviewPageTest" name="finalVerification" time="1.918"/>
</testsuite> <!-- com.saucedemo.tests.OverviewPageTest -->
